<?xml version="1.0" encoding="UTF-8"?>
<!-- Generated by org.testng.reporters.JUnitXMLReporter -->
<testsuite ignored="2" hostname="DESKTOP-KSL8T45" failures="0" tests="1" name="Default test" time="0.155" errors="0" timestamp="2025-01-25T17:10:08 IST">
  <testcase classname="Testcases.Sample" name="testAddition" time="0.028"/>
  <testcase classname="Testcases.Sample" name="testSubtraction" time="0.0">
    <ignored/>
  </testcase> <!-- testSubtraction -->
  <testcase classname="Testcases.Sample" name="testMultiplication" time="0.0">
    <ignored/>
  </testcase> <!-- testMultiplication -->
</testsuite> <!-- Default test -->
