<?xml version="1.0" encoding="UTF-8"?>
<!-- Generated by org.testng.reporters.JUnitXMLReporter -->
<testsuite ignored="0" hostname="DESKTOP-KSL8T45" failures="0" tests="4" name="Test" time="0.156" errors="0" timestamp="2025-01-25T18:56:51 IST">
  <testcase classname="Testcases.Sample" name="testAddition" time="0.019"/>
  <testcase classname="Testcases.Sample" name="testMultiplication" time="0.004"/>
  <testcase classname="Testcases.Sample" name="testNew" time="0.004"/>
  <testcase classname="Testcases.Sample" name="testSubtraction" time="0.003"/>
</testsuite> <!-- Test -->
