<?xml version="1.0" encoding="UTF-8"?>
<!-- Generated by org.testng.reporters.JUnitXMLReporter -->
<testsuite ignored="0" hostname="DESKTOP-KSL8T45" failures="1" tests="3" name="Test" time="0.204" errors="0" timestamp="2025-01-25T17:12:08 IST">
  <testcase classname="Testcases.Sample" name="testAddition" time="0.023"/>
  <testcase classname="Testcases.Sample" name="testMultiplication" time="0.023">
    <failure type="java.lang.AssertionError" message="expected [16] but found [15]">
      <![CDATA[java.lang.AssertionError: expected [16] but found [15]
at Testcases.Sample.testMultiplication(Sample.java:48)
at java.base/java.util.ArrayList.forEach(ArrayList.java:1596)
... Removed 31 stack frames]]>
    </failure>
  </testcase> <!-- testMultiplication -->
  <testcase classname="Testcases.Sample" name="testSubtraction" time="0.008"/>
</testsuite> <!-- Test -->
