<?xml version="1.0" encoding="UTF-8"?>
<testng-results ignored="0" total="4" passed="4" failed="0" skipped="0">
  <reporter-output>
  </reporter-output>
  <suite started-at="2025-01-25T18:56:51 IST" name="Suite" finished-at="2025-01-25T18:56:51 IST" duration-ms="156">
    <groups>
    </groups>
    <test started-at="2025-01-25T18:56:51 IST" name="Test" finished-at="2025-01-25T18:56:51 IST" duration-ms="156">
      <class name="Testcases.Sample">
        <test-method is-config="true" signature="setUpClass()[pri:0, instance:Testcases.Sample@6379eb]" started-at="2025-01-25T18:56:51 IST" name="setUpClass" finished-at="2025-01-25T18:56:51 IST" duration-ms="16" status="PASS">
          <reporter-output>
          </reporter-output>
        </test-method> <!-- setUpClass -->
        <test-method is-config="true" signature="setUp()[pri:0, instance:Testcases.Sample@6379eb]" started-at="2025-01-25T18:56:51 IST" name="setUp" finished-at="2025-01-25T18:56:51 IST" duration-ms="1" status="PASS">
          <reporter-output>
          </reporter-output>
        </test-method> <!-- setUp -->
        <test-method signature="testAddition()[pri:0, instance:Testcases.Sample@6379eb]" started-at="2025-01-25T18:56:51 IST" name="testAddition" finished-at="2025-01-25T18:56:51 IST" duration-ms="19" status="PASS">
          <reporter-output>
          </reporter-output>
        </test-method> <!-- testAddition -->
        <test-method is-config="true" signature="tearDown()[pri:0, instance:Testcases.Sample@6379eb]" started-at="2025-01-25T18:56:51 IST" name="tearDown" finished-at="2025-01-25T18:56:51 IST" duration-ms="1" status="PASS">
          <reporter-output>
          </reporter-output>
        </test-method> <!-- tearDown -->
        <test-method is-config="true" signature="setUp()[pri:0, instance:Testcases.Sample@6379eb]" started-at="2025-01-25T18:56:51 IST" name="setUp" finished-at="2025-01-25T18:56:51 IST" duration-ms="1" status="PASS">
          <reporter-output>
          </reporter-output>
        </test-method> <!-- setUp -->
        <test-method signature="testMultiplication()[pri:0, instance:Testcases.Sample@6379eb]" started-at="2025-01-25T18:56:51 IST" name="testMultiplication" finished-at="2025-01-25T18:56:51 IST" duration-ms="4" status="PASS">
          <reporter-output>
          </reporter-output>
        </test-method> <!-- testMultiplication -->
        <test-method is-config="true" signature="tearDown()[pri:0, instance:Testcases.Sample@6379eb]" started-at="2025-01-25T18:56:51 IST" name="tearDown" finished-at="2025-01-25T18:56:51 IST" duration-ms="1" status="PASS">
          <reporter-output>
          </reporter-output>
        </test-method> <!-- tearDown -->
        <test-method is-config="true" signature="setUp()[pri:0, instance:Testcases.Sample@6379eb]" started-at="2025-01-25T18:56:51 IST" name="setUp" finished-at="2025-01-25T18:56:51 IST" duration-ms="1" status="PASS">
          <reporter-output>
          </reporter-output>
        </test-method> <!-- setUp -->
        <test-method signature="testNew()[pri:0, instance:Testcases.Sample@6379eb]" started-at="2025-01-25T18:56:51 IST" name="testNew" finished-at="2025-01-25T18:56:51 IST" duration-ms="4" status="PASS">
          <reporter-output>
          </reporter-output>
        </test-method> <!-- testNew -->
        <test-method is-config="true" signature="tearDown()[pri:0, instance:Testcases.Sample@6379eb]" started-at="2025-01-25T18:56:51 IST" name="tearDown" finished-at="2025-01-25T18:56:51 IST" duration-ms="1" status="PASS">
          <reporter-output>
          </reporter-output>
        </test-method> <!-- tearDown -->
        <test-method is-config="true" signature="setUp()[pri:0, instance:Testcases.Sample@6379eb]" started-at="2025-01-25T18:56:51 IST" name="setUp" finished-at="2025-01-25T18:56:51 IST" duration-ms="1" status="PASS">
          <reporter-output>
          </reporter-output>
        </test-method> <!-- setUp -->
        <test-method signature="testSubtraction()[pri:0, instance:Testcases.Sample@6379eb]" started-at="2025-01-25T18:56:51 IST" name="testSubtraction" finished-at="2025-01-25T18:56:51 IST" duration-ms="3" status="PASS">
          <reporter-output>
          </reporter-output>
        </test-method> <!-- testSubtraction -->
        <test-method is-config="true" signature="tearDown()[pri:0, instance:Testcases.Sample@6379eb]" started-at="2025-01-25T18:56:51 IST" name="tearDown" finished-at="2025-01-25T18:56:51 IST" duration-ms="1" status="PASS">
          <reporter-output>
          </reporter-output>
        </test-method> <!-- tearDown -->
        <test-method is-config="true" signature="tearDownClass()[pri:0, instance:Testcases.Sample@6379eb]" started-at="2025-01-25T18:56:51 IST" name="tearDownClass" finished-at="2025-01-25T18:56:51 IST" duration-ms="3" status="PASS">
          <reporter-output>
          </reporter-output>
        </test-method> <!-- tearDownClass -->
      </class> <!-- Testcases.Sample -->
    </test> <!-- Test -->
  </suite> <!-- Suite -->
</testng-results>
