<?xml version="1.0" encoding="UTF-8"?>
<!-- Generated by org.testng.reporters.JUnitReportReporter -->
<testsuite hostname="DESKTOP-KSL8T45" failures="0" tests="4" name="Testcases.Sample" time="0.038" errors="0" timestamp="2025-01-25T18:56:52 IST" skipped="0">
  <testcase classname="Testcases.Sample" name="testMultiplication" time="0.006"/>
  <system-out/>
  <testcase classname="Testcases.Sample" name="testAddition" time="0.021"/>
  <system-out/>
  <testcase classname="Testcases.Sample" name="testNew" time="0.006"/>
  <system-out/>
  <testcase classname="Testcases.Sample" name="testSubtraction" time="0.005"/>
  <system-out/>
</testsuite> <!-- Testcases.Sample -->
